<?xml version="1.0" encoding="UTF-8"?>
<!-- Generated by org.testng.reporters.JUnitReportReporter -->
<testsuite hostname="A5017L" failures="0" tests="5" name="com.qe.project.testcases.calendarReviewPage_Test" time="0.000" errors="0" timestamp="2023-02-06T16:29:08 IST" skipped="5">
  <testcase classname="com.qe.project.testcases.calendarReviewPage_Test" name="backtoEditBtnValidationTest" time="0.000">
    <skipped/>
  </testcase> <!-- backtoEditBtnValidationTest -->
  <system-out/>
  <testcase classname="com.qe.project.testcases.calendarReviewPage_Test" name="reviewPagepriceValidationTest" time="0.000">
    <skipped/>
  </testcase> <!-- reviewPagepriceValidationTest -->
  <system-out/>
  <testcase classname="com.qe.project.testcases.calendarReviewPage_Test" name="projectNameTextValidationTest" time="0.000">
    <skipped/>
  </testcase> <!-- projectNameTextValidationTest -->
  <system-out/>
  <testcase classname="com.qe.project.testcases.calendarReviewPage_Test" name="clickOnAddToCartBtnTest" time="0.000">
    <skipped/>
  </testcase> <!-- clickOnAddToCartBtnTest -->
  <system-out/>
  <testcase classname="com.qe.project.testcases.calendarReviewPage_Test" name="cartPageTitleValidationTest" time="0.000">
    <skipped/>
  </testcase> <!-- cartPageTitleValidationTest -->
  <system-out/>
</testsuite> <!-- com.qe.project.testcases.calendarReviewPage_Test -->
