<?xml version="1.0" encoding="UTF-8"?>
<!-- Generated by org.testng.reporters.JUnitReportReporter -->
<testsuite hostname="S1238L" failures="0" tests="1" name="com.qe.project.testcases.computerUpload" time="31.125" errors="0" timestamp="2021-10-10T12:10:06 IST" skipped="0">
  <testcase classname="com.qe.project.testcases.computerUpload" name="sampleMethod" time="31.125"/>
  <system-out/>
</testsuite> <!-- com.qe.project.testcases.computerUpload -->
