<?xml version="1.0" encoding="UTF-8"?>
<!-- Generated by org.testng.reporters.JUnitReportReporter -->
<testsuite hostname="DESKTOP-02L8RDD" failures="0" tests="1" name="com.qe.project.testcases.Sign_InTest" time="39.126" errors="0" timestamp="2024-07-20T19:10:46 IST" skipped="0">
  <testcase classname="com.qe.project.testcases.Sign_InTest" name="loginTest" time="39.126"/>
  <system-out/>
</testsuite> <!-- com.qe.project.testcases.Sign_InTest -->
