<?xml version="1.0" encoding="UTF-8"?>
<!-- Generated by org.testng.reporters.JUnitReportReporter -->
<testsuite hostname="A5017L" failures="0" tests="5" name="com.qe.project.testcases.calendarPdpPage_Test" time="0.000" errors="0" timestamp="2023-02-06T16:29:08 IST" skipped="5">
  <testcase classname="com.qe.project.testcases.calendarPdpPage_Test" name="calendarSizetextValidationTest" time="0.000">
    <skipped/>
  </testcase> <!-- calendarSizetextValidationTest -->
  <system-out/>
  <testcase classname="com.qe.project.testcases.calendarPdpPage_Test" name="calendarMonthtextValidationTest" time="0.000">
    <skipped/>
  </testcase> <!-- calendarMonthtextValidationTest -->
  <system-out/>
  <testcase classname="com.qe.project.testcases.calendarPdpPage_Test" name="clickOnProductdetailsBtnTest" time="0.000">
    <skipped/>
  </testcase> <!-- clickOnProductdetailsBtnTest -->
  <system-out/>
  <testcase classname="com.qe.project.testcases.calendarPdpPage_Test" name="productdetailsBtnTextValidationTest" time="0.000">
    <skipped/>
  </testcase> <!-- productdetailsBtnTextValidationTest -->
  <system-out/>
  <testcase classname="com.qe.project.testcases.calendarPdpPage_Test" name="clickonMakethisCalendarBtnTest" time="0.000">
    <skipped/>
  </testcase> <!-- clickonMakethisCalendarBtnTest -->
  <system-out/>
</testsuite> <!-- com.qe.project.testcases.calendarPdpPage_Test -->
