<?xml version="1.0" encoding="UTF-8"?>
<!-- Generated by org.testng.reporters.JUnitReportReporter -->
<testsuite hostname="S2053L" failures="0" tests="5" name="com.qe.project.testcases.calendarCategorypage_Test" time="13.514" errors="0" timestamp="2024-04-10T22:02:24 IST" skipped="0">
  <testcase classname="com.qe.project.testcases.calendarCategorypage_Test" name="homePageValidationTest" time="7.156"/>
  <system-out/>
  <testcase classname="com.qe.project.testcases.calendarCategorypage_Test" name="ClickonGiftsHeaderLinkTest" time="3.371"/>
  <system-out/>
  <testcase classname="com.qe.project.testcases.calendarCategorypage_Test" name="categoryPageTitleValidationTest" time="2.571"/>
  <system-out/>
  <testcase classname="com.qe.project.testcases.calendarCategorypage_Test" name="categoryPageLablesValidationTest" time="0.318"/>
  <system-out/>
  <testcase classname="com.qe.project.testcases.calendarCategorypage_Test" name="clickOnpremimumwallcalendarlinkTest" time="0.098"/>
  <system-out/>
</testsuite> <!-- com.qe.project.testcases.calendarCategorypage_Test -->
