<?xml version="1.0" encoding="UTF-8"?>
<!-- Generated by org.testng.reporters.JUnitReportReporter -->
<testsuite hostname="A5017L" failures="0" tests="3" name="com.qe.project.testcases.calendarCartPage_Test" time="0.000" errors="0" timestamp="2023-02-06T16:29:08 IST" skipped="3">
  <testcase classname="com.qe.project.testcases.calendarCartPage_Test" name="changingaddressValidationTest" time="0.000">
    <skipped/>
  </testcase> <!-- changingaddressValidationTest -->
  <system-out/>
  <testcase classname="com.qe.project.testcases.calendarCartPage_Test" name="clickOnChangingshippingMethod" time="0.000">
    <skipped/>
  </testcase> <!-- clickOnChangingshippingMethod -->
  <system-out/>
  <testcase classname="com.qe.project.testcases.calendarCartPage_Test" name="clickOneditorderOptionTest" time="0.000">
    <skipped/>
  </testcase> <!-- clickOneditorderOptionTest -->
  <system-out/>
</testsuite> <!-- com.qe.project.testcases.calendarCartPage_Test -->
