<?xml version="1.0" encoding="UTF-8"?>
<!-- Generated by org.testng.reporters.JUnitReportReporter -->
<testsuite hostname="S1238L" failures="0" tests="2" name="com.qe.project.testcases.mugsCategoryPage_Test" time="12.968" errors="0" timestamp="2022-02-22T13:51:03 IST" skipped="0">
  <testcase classname="com.qe.project.testcases.mugsCategoryPage_Test" name="mugsCategoryPageTitlePageValidationTest" time="10.654"/>
  <system-out/>
  <testcase classname="com.qe.project.testcases.mugsCategoryPage_Test" name="mugsCategoryPageTextValidationTest" time="2.314"/>
  <system-out/>
</testsuite> <!-- com.qe.project.testcases.mugsCategoryPage_Test -->
