<?xml version="1.0" encoding="UTF-8"?>
<!-- Generated by org.testng.reporters.JUnitReportReporter -->
<testsuite hostname="S1238L" failures="0" tests="1" name="com.qe.project.base.basic" time="12.280" errors="0" timestamp="2021-08-28T12:57:16 IST" skipped="0">
  <testcase classname="com.qe.project.base.basic" name="run" time="12.280"/>
  <system-out/>
</testsuite> <!-- com.qe.project.base.basic -->
