<?xml version="1.0" encoding="UTF-8"?>
<!-- Generated by org.testng.reporters.JUnitReportReporter -->
<testsuite hostname="S1238L" failures="0" tests="3" name="com.qe.project.testcases.testmethods" time="0.016" errors="0" timestamp="2021-12-14T17:29:16 IST" skipped="0">
  <testcase classname="com.qe.project.testcases.testmethods" name="m4" time="0.003"/>
  <system-out/>
  <testcase classname="com.qe.project.testcases.testmethods" name="m2" time="0.003"/>
  <system-out/>
  <testcase classname="com.qe.project.testcases.testmethods" name="m1" time="0.010"/>
  <system-out/>
</testsuite> <!-- com.qe.project.testcases.testmethods -->
