<?xml version="1.0" encoding="UTF-8"?>
<!-- Generated by org.testng.reporters.JUnitReportReporter -->
<testsuite hostname="S1238L" failures="0" tests="1" name="com.qe.project.testcases.Home_PageTest" time="23.901" errors="0" timestamp="2021-09-26T17:03:39 IST" skipped="0">
  <testcase classname="com.qe.project.testcases.Home_PageTest" name="sampleMethod" time="23.901"/>
  <system-out/>
</testsuite> <!-- com.qe.project.testcases.Home_PageTest -->
