<?xml version="1.0" encoding="UTF-8"?>
<!-- Generated by org.testng.reporters.JUnitReportReporter -->
<testsuite hostname="A5017L" failures="0" tests="14" name="com.qe.project.testcases.calendarBuilderPage_Test" time="0.000" errors="0" timestamp="2023-02-06T16:29:08 IST" skipped="14">
  <testcase classname="com.qe.project.testcases.calendarBuilderPage_Test" name="calendarBuilderPageTitleValidationTest" time="0.000">
    <skipped/>
  </testcase> <!-- calendarBuilderPageTitleValidationTest -->
  <system-out/>
  <testcase classname="com.qe.project.testcases.calendarBuilderPage_Test" name="addPhotosValidationTest" time="0.000">
    <skipped/>
  </testcase> <!-- addPhotosValidationTest -->
  <system-out/>
  <testcase classname="com.qe.project.testcases.calendarBuilderPage_Test" name="clickOnMySnapfishAccountOptionTest" time="0.000">
    <skipped/>
  </testcase> <!-- clickOnMySnapfishAccountOptionTest -->
  <system-out/>
  <testcase classname="com.qe.project.testcases.calendarBuilderPage_Test" name="photoPickerLablesValidationsTest" time="0.000">
    <skipped/>
  </testcase> <!-- photoPickerLablesValidationsTest -->
  <system-out/>
  <testcase classname="com.qe.project.testcases.calendarBuilderPage_Test" name="BuilderPageValidationsTest" time="0.000">
    <skipped/>
  </testcase> <!-- BuilderPageValidationsTest -->
  <system-out/>
  <testcase classname="com.qe.project.testcases.calendarBuilderPage_Test" name="addEmbellishmentsTOCalendarTest" time="0.000">
    <skipped/>
  </testcase> <!-- addEmbellishmentsTOCalendarTest -->
  <system-out/>
  <testcase classname="com.qe.project.testcases.calendarBuilderPage_Test" name="applyBackgroundsToCalendarTest" time="0.000">
    <skipped/>
  </testcase> <!-- applyBackgroundsToCalendarTest -->
  <system-out/>
  <testcase classname="com.qe.project.testcases.calendarBuilderPage_Test" name="applyLayoutsToCalendarTest" time="0.000">
    <skipped/>
  </testcase> <!-- applyLayoutsToCalendarTest -->
  <system-out/>
  <testcase classname="com.qe.project.testcases.calendarBuilderPage_Test" name="changingDesignToCalendarTest" time="0.000">
    <skipped/>
  </testcase> <!-- changingDesignToCalendarTest -->
  <system-out/>
  <testcase classname="com.qe.project.testcases.calendarBuilderPage_Test" name="changingDateOptionsToCalendarTest" time="0.000">
    <skipped/>
  </testcase> <!-- changingDateOptionsToCalendarTest -->
  <system-out/>
  <testcase classname="com.qe.project.testcases.calendarBuilderPage_Test" name="saveOptionValidationTest" time="0.000">
    <skipped/>
  </testcase> <!-- saveOptionValidationTest -->
  <system-out/>
  <testcase classname="com.qe.project.testcases.calendarBuilderPage_Test" name="undoRedoBtnsValidationsTest" time="0.000">
    <skipped/>
  </testcase> <!-- undoRedoBtnsValidationsTest -->
  <system-out/>
  <testcase classname="com.qe.project.testcases.calendarBuilderPage_Test" name="zoominZoomOutBtnsValidationTest" time="0.000">
    <skipped/>
  </testcase> <!-- zoominZoomOutBtnsValidationTest -->
  <system-out/>
  <testcase classname="com.qe.project.testcases.calendarBuilderPage_Test" name="clickOnReviewBtnTest" time="0.000">
    <skipped/>
  </testcase> <!-- clickOnReviewBtnTest -->
  <system-out/>
</testsuite> <!-- com.qe.project.testcases.calendarBuilderPage_Test -->
