<?xml version="1.0" encoding="UTF-8"?>
<!-- Generated by org.testng.reporters.JUnitReportReporter -->
<testsuite hostname="S1238L" failures="0" tests="12" name="com.qe.project.testcases.postersTest" time="361.179" errors="0" timestamp="2022-03-15T10:04:30 IST" skipped="0">
  <testcase classname="com.qe.project.testcases.postersTest" name="validatingFirstPosterTilePdpPageTest" time="49.928"/>
  <system-out/>
  <testcase classname="com.qe.project.testcases.postersTest" name="validatingSecoundPosterTilePdpPageTest" time="29.363"/>
  <system-out/>
  <testcase classname="com.qe.project.testcases.postersTest" name="validatingThirdPosterTilePdpPageTest" time="23.293"/>
  <system-out/>
  <testcase classname="com.qe.project.testcases.postersTest" name="validatingFourthPosterTilePdpPageTest" time="34.658"/>
  <system-out/>
  <testcase classname="com.qe.project.testcases.postersTest" name="validatingFivthPosterTilePdpPageTest" time="27.808"/>
  <system-out/>
  <testcase classname="com.qe.project.testcases.postersTest" name="validatingSixthPosterTilePdpPageTest" time="26.472"/>
  <system-out/>
  <testcase classname="com.qe.project.testcases.postersTest" name="validatingSeventhPosterTilePdpPageTest" time="21.372"/>
  <system-out/>
  <testcase classname="com.qe.project.testcases.postersTest" name="validatingEightPosterTilePdpPageTest" time="35.472"/>
  <system-out/>
  <testcase classname="com.qe.project.testcases.postersTest" name="validatingSimpledesignPosterTileBspPageTest" time="30.631"/>
  <system-out/>
  <testcase classname="com.qe.project.testcases.postersTest" name="validatingFamilydesignPosterTileBspPageTest" time="26.334"/>
  <system-out/>
  <testcase classname="com.qe.project.testcases.postersTest" name="validatinglovedesignPosterTileBspPageTest" time="29.592"/>
  <system-out/>
  <testcase classname="com.qe.project.testcases.postersTest" name="validatingTraveldesignPosterTileBspPageTest" time="26.256"/>
  <system-out/>
</testsuite> <!-- com.qe.project.testcases.postersTest -->
